# JRE version: OpenJDK Runtime Environment Temurin-21.0.9+10 (21.0.9+10) (build 21.0.9+10-LTS)
# Java VM: OpenJDK 64-Bit Server VM Temurin-21.0.9+10 (21.0.9+10-LTS, mixed mode, sharing, tiered, compressed oops, compressed class ptrs, parallel gc, windows-amd64)
GC Precious Log:
 CardTable entry size: 512
 CPUs: 8 total, 8 available
 Memory: 16245M
 Large Page Support: Disabled
 NUMA Support: Disabled
 Compressed Oops: Enabled (32-bit)
 Alignments: Space 512K, Generation 512K, Heap 2M
 Heap Min Capacity: 100M
 Heap Initial Capacity: 100M
 Heap Max Capacity: 2G
 Pre-touch: Disabled
 Parallel Workers: 8
Heap:
 PSYoungGen      total 3072K, used 2397K [0x00000000d5580000, 0x00000000d5a00000, 0x0000000100000000)
  eden space 2560K, 87% used [0x00000000d5580000,0x00000000d57af620,0x00000000d5800000)
  from space 512K, 31% used [0x00000000d5980000,0x00000000d59a8000,0x00000000d5a00000)
  to   space 512K, 0% used [0x00000000d5900000,0x00000000d5900000,0x00000000d5980000)
 ParOldGen       total 1176064K, used 1175964K [0x0000000080000000, 0x00000000c7c80000, 0x00000000d5580000)
  object space 1176064K, 99% used [0x0000000080000000,0x00000000c7c673f8,0x00000000c7c80000)
 Metaspace       used 110493K, committed 112384K, reserved 1179648K
  class space    used 11030K, committed 11904K, reserved 1048576K
GC Heap History (20 events):
Event: 96195.845 GC heap before
{Heap before GC invocations=7406 (full 12):
 PSYoungGen      total 4096K, used 4093K [0x00000000d5580000, 0x00000000d5f80000, 0x0000000100000000)
  eden space 3072K, 99% used [0x00000000d5580000,0x00000000d587fff0,0x00000000d5880000)
  from space 1024K, 99% used [0x00000000d5b80000,0x00000000d5c7f780,0x00000000d5c80000)
  to   space 3072K, 0% used [0x00000000d5880000,0x00000000d5880000,0x00000000d5b80000)
 ParOldGen       total 1167360K, used 1166947K [0x0000000080000000, 0x00000000c7400000, 0x00000000d5580000)
  object space 1167360K, 99% used [0x0000000080000000,0x00000000c7398eb8,0x00000000c7400000)
 Metaspace       used 110491K, committed 112384K, reserved 1179648K
  class space    used 11030K, committed 11904K, reserved 1048576K
}
Event: 96195.848 GC heap after
{Heap after GC invocations=7406 (full 12):
 PSYoungGen      total 4096K, used 940K [0x00000000d5580000, 0x00000000d5c80000, 0x0000000100000000)
  eden space 3072K, 0% used [0x00000000d5580000,0x00000000d5580000,0x00000000d5880000)
  from space 1024K, 91% used [0x00000000d5880000,0x00000000d596b010,0x00000000d5980000)
  to   space 2048K, 0% used [0x00000000d5a80000,0x00000000d5a80000,0x00000000d5c80000)
 ParOldGen       total 1167872K, used 1167469K [0x0000000080000000, 0x00000000c7480000, 0x00000000d5580000)
  object space 1167872K, 99% used [0x0000000080000000,0x00000000c741b490,0x00000000c7480000)
 Metaspace       used 110491K, committed 112384K, reserved 1179648K
  class space    used 11030K, committed 11904K, reserved 1048576K
}
Event: 96195.856 GC heap before
{Heap before GC invocations=7407 (full 12):
 PSYoungGen      total 4096K, used 4012K [0x00000000d5580000, 0x00000000d5c80000, 0x0000000100000000)
  eden space 3072K, 100% used [0x00000000d5580000,0x00000000d5880000,0x00000000d5880000)
  from space 1024K, 91% used [0x00000000d5880000,0x00000000d596b010,0x00000000d5980000)
  to   space 2048K, 0% used [0x00000000d5a80000,0x00000000d5a80000,0x00000000d5c80000)
 ParOldGen       total 1167872K, used 1167469K [0x0000000080000000, 0x00000000c7480000, 0x00000000d5580000)
  object space 1167872K, 99% used [0x0000000080000000,0x00000000c741b490,0x00000000c7480000)
 Metaspace       used 110491K, committed 112384K, reserved 1179648K
  class space    used 11030K, committed 11904K, reserved 1048576K
}
Event: 96195.859 GC heap after
{Heap after GC invocations=7407 (full 12):
 PSYoungGen      total 3584K, used 250K [0x00000000d5580000, 0x00000000d5b00000, 0x0000000100000000)
  eden space 3072K, 0% used [0x00000000d5580000,0x00000000d5580000,0x00000000d5880000)
  from space 512K, 48% used [0x00000000d5a80000,0x00000000d5abe900,0x00000000d5b00000)
  to   space 1024K, 0% used [0x00000000d5900000,0x00000000d5900000,0x00000000d5a00000)
 ParOldGen       total 1167872K, used 1167477K [0x0000000080000000, 0x00000000c7480000, 0x00000000d5580000)
  object space 1167872K, 99% used [0x0000000080000000,0x00000000c741d490,0x00000000c7480000)
 Metaspace       used 110491K, committed 112384K, reserved 1179648K
  class space    used 11030K, committed 11904K, reserved 1048576K
}
Event: 96195.866 GC heap before
{Heap before GC invocations=7408 (full 12):
 PSYoungGen      total 3584K, used 3322K [0x00000000d5580000, 0x00000000d5b00000, 0x0000000100000000)
  eden space 3072K, 99% used [0x00000000d5580000,0x00000000d587ff20,0x00000000d5880000)
  from space 512K, 48% used [0x00000000d5a80000,0x00000000d5abe900,0x00000000d5b00000)
  to   space 1024K, 0% used [0x00000000d5900000,0x00000000d5900000,0x00000000d5a00000)
 ParOldGen       total 1167872K, used 1167477K [0x0000000080000000, 0x00000000c7480000, 0x00000000d5580000)
  object space 1167872K, 99% used [0x0000000080000000,0x00000000c741d490,0x00000000c7480000)
 Metaspace       used 110491K, committed 112384K, reserved 1179648K
  class space    used 11030K, committed 11904K, reserved 1048576K
}
Event: 96195.867 GC heap after
{Heap after GC invocations=7408 (full 12):
 PSYoungGen      total 4096K, used 736K [0x00000000d5580000, 0x00000000d5b00000, 0x0000000100000000)
  eden space 3072K, 0% used [0x00000000d5580000,0x00000000d5580000,0x00000000d5880000)
  from space 1024K, 71% used [0x00000000d5900000,0x00000000d59b8000,0x00000000d5a00000)
  to   space 1024K, 0% used [0x00000000d5a00000,0x00000000d5a00000,0x00000000d5b00000)
 ParOldGen       total 1167872K, used 1167593K [0x0000000080000000, 0x00000000c7480000, 0x00000000d5580000)
  object space 1167872K, 99% used [0x0000000080000000,0x00000000c743a690,0x00000000c7480000)
 Metaspace       used 110491K, committed 112384K, reserved 1179648K
  class space    used 11030K, committed 11904K, reserved 1048576K
}
Event: 96195.873 GC heap before
{Heap before GC invocations=7409 (full 12):
 PSYoungGen      total 4096K, used 3808K [0x00000000d5580000, 0x00000000d5b00000, 0x0000000100000000)
  eden space 3072K, 100% used [0x00000000d5580000,0x00000000d5880000,0x00000000d5880000)
  from space 1024K, 71% used [0x00000000d5900000,0x00000000d59b8000,0x00000000d5a00000)
  to   space 1024K, 0% used [0x00000000d5a00000,0x00000000d5a00000,0x00000000d5b00000)
 ParOldGen       total 1167872K, used 1167593K [0x0000000080000000, 0x00000000c7480000, 0x00000000d5580000)
  object space 1167872K, 99% used [0x0000000080000000,0x00000000c743a690,0x00000000c7480000)
 Metaspace       used 110491K, committed 112384K, reserved 1179648K
  class space    used 11030K, committed 11904K, reserved 1048576K
}
Event: 96195.875 GC heap after
{Heap after GC invocations=7409 (full 12):
 PSYoungGen      total 2048K, used 1004K [0x00000000d5580000, 0x00000000d6080000, 0x0000000100000000)
  eden space 1024K, 0% used [0x00000000d5580000,0x00000000d5580000,0x00000000d5680000)
  from space 1024K, 98% used [0x00000000d5a00000,0x00000000d5afb010,0x00000000d5b00000)
  to   space 3584K, 0% used [0x00000000d5680000,0x00000000d5680000,0x00000000d5a00000)
 ParOldGen       total 1169408K, used 1169353K [0x0000000080000000, 0x00000000c7600000, 0x00000000d5580000)
  object space 1169408K, 99% used [0x0000000080000000,0x00000000c75f24f8,0x00000000c7600000)
 Metaspace       used 110491K, committed 112384K, reserved 1179648K
  class space    used 11030K, committed 11904K, reserved 1048576K
}
Event: 96195.878 GC heap before
{Heap before GC invocations=7410 (full 12):
 PSYoungGen      total 2048K, used 2028K [0x00000000d5580000, 0x00000000d6080000, 0x0000000100000000)
  eden space 1024K, 100% used [0x00000000d5580000,0x00000000d5680000,0x00000000d5680000)
  from space 1024K, 98% used [0x00000000d5a00000,0x00000000d5afb010,0x00000000d5b00000)
  to   space 3584K, 0% used [0x00000000d5680000,0x00000000d5680000,0x00000000d5a00000)
 ParOldGen       total 1169408K, used 1169353K [0x0000000080000000, 0x00000000c7600000, 0x00000000d5580000)
  object space 1169408K, 99% used [0x0000000080000000,0x00000000c75f24f8,0x00000000c7600000)
 Metaspace       used 110491K, committed 112384K, reserved 1179648K
  class space    used 11030K, committed 11904K, reserved 1048576K
}
Event: 96195.880 GC heap after
{Heap after GC invocations=7410 (full 12):
 PSYoungGen      total 2560K, used 1088K [0x00000000d5580000, 0x00000000d5b00000, 0x0000000100000000)
  eden space 1024K, 0% used [0x00000000d5580000,0x00000000d5580000,0x00000000d5680000)
  from space 1536K, 70% used [0x00000000d5680000,0x00000000d5790000,0x00000000d5800000)
  to   space 2048K, 0% used [0x00000000d5900000,0x00000000d5900000,0x00000000d5b00000)
 ParOldGen       total 1170432K, used 1170416K [0x0000000080000000, 0x00000000c7700000, 0x00000000d5580000)
  object space 1170432K, 99% used [0x0000000080000000,0x00000000c76fc3e8,0x00000000c7700000)
 Metaspace       used 110491K, committed 112384K, reserved 1179648K
  class space    used 11030K, committed 11904K, reserved 1048576K
}
Event: 96195.885 GC heap before
{Heap before GC invocations=7411 (full 12):
 PSYoungGen      total 2560K, used 2028K [0x00000000d5580000, 0x00000000d5b00000, 0x0000000100000000)
  eden space 1024K, 91% used [0x00000000d5580000,0x00000000d566b2c8,0x00000000d5680000)
  from space 1536K, 70% used [0x00000000d5680000,0x00000000d5790000,0x00000000d5800000)
  to   space 2048K, 0% used [0x00000000d5900000,0x00000000d5900000,0x00000000d5b00000)
 ParOldGen       total 1170432K, used 1170416K [0x0000000080000000, 0x00000000c7700000, 0x00000000d5580000)
  object space 1170432K, 99% used [0x0000000080000000,0x00000000c76fc3e8,0x00000000c7700000)
 Metaspace       used 110491K, committed 112384K, reserved 1179648K
  class space    used 11030K, committed 11904K, reserved 1048576K
}
Event: 96195.887 GC heap after
{Heap after GC invocations=7411 (full 12):
 PSYoungGen      total 2560K, used 800K [0x00000000d5580000, 0x00000000d5a00000, 0x0000000100000000)
  eden space 1536K, 0% used [0x00000000d5580000,0x00000000d5580000,0x00000000d5700000)
  from space 1024K, 78% used [0x00000000d5900000,0x00000000d59c8000,0x00000000d5a00000)
  to   space 1024K, 0% used [0x00000000d5800000,0x00000000d5800000,0x00000000d5900000)
 ParOldGen       total 1171456K, used 1171448K [0x0000000080000000, 0x00000000c7800000, 0x00000000d5580000)
  object space 1171456K, 99% used [0x0000000080000000,0x00000000c77fe3e8,0x00000000c7800000)
 Metaspace       used 110491K, committed 112384K, reserved 1179648K
  class space    used 11030K, committed 11904K, reserved 1048576K
}
Event: 96195.889 GC heap before
{Heap before GC invocations=7412 (full 12):
 PSYoungGen      total 2560K, used 2336K [0x00000000d5580000, 0x00000000d5a00000, 0x0000000100000000)
  eden space 1536K, 100% used [0x00000000d5580000,0x00000000d5700000,0x00000000d5700000)
  from space 1024K, 78% used [0x00000000d5900000,0x00000000d59c8000,0x00000000d5a00000)
  to   space 1024K, 0% used [0x00000000d5800000,0x00000000d5800000,0x00000000d5900000)
 ParOldGen       total 1171456K, used 1171448K [0x0000000080000000, 0x00000000c7800000, 0x00000000d5580000)
  object space 1171456K, 99% used [0x0000000080000000,0x00000000c77fe3e8,0x00000000c7800000)
 Metaspace       used 110491K, committed 112384K, reserved 1179648K
  class space    used 11030K, committed 11904K, reserved 1048576K
}
Event: 96195.893 GC heap after
{Heap after GC invocations=7412 (full 12):
 PSYoungGen      total 3072K, used 1004K [0x00000000d5580000, 0x00000000d5c80000, 0x0000000100000000)
  eden space 2048K, 0% used [0x00000000d5580000,0x00000000d5580000,0x00000000d5780000)
  from space 1024K, 98% used [0x00000000d5800000,0x00000000d58fb010,0x00000000d5900000)
  to   space 2560K, 0% used [0x00000000d5a00000,0x00000000d5a00000,0x00000000d5c80000)
 ParOldGen       total 1172480K, used 1172424K [0x0000000080000000, 0x00000000c7900000, 0x00000000d5580000)
  object space 1172480K, 99% used [0x0000000080000000,0x00000000c78f23e8,0x00000000c7900000)
 Metaspace       used 110491K, committed 112384K, reserved 1179648K
  class space    used 11030K, committed 11904K, reserved 1048576K
}
Event: 96195.897 GC heap before
{Heap before GC invocations=7413 (full 12):
 PSYoungGen      total 3072K, used 3052K [0x00000000d5580000, 0x00000000d5c80000, 0x0000000100000000)
  eden space 2048K, 99% used [0x00000000d5580000,0x00000000d577fff0,0x00000000d5780000)
  from space 1024K, 98% used [0x00000000d5800000,0x00000000d58fb010,0x00000000d5900000)
  to   space 2560K, 0% used [0x00000000d5a00000,0x00000000d5a00000,0x00000000d5c80000)
 ParOldGen       total 1172480K, used 1172424K [0x0000000080000000, 0x00000000c7900000, 0x00000000d5580000)
  object space 1172480K, 99% used [0x0000000080000000,0x00000000c78f23e8,0x00000000c7900000)
 Metaspace       used 110491K, committed 112384K, reserved 1179648K
  class space    used 11030K, committed 11904K, reserved 1048576K
}
Event: 96195.900 GC heap after
{Heap after GC invocations=7413 (full 12):
 PSYoungGen      total 4608K, used 2048K [0x00000000d5580000, 0x00000000d5d00000, 0x0000000100000000)
  eden space 2048K, 0% used [0x00000000d5580000,0x00000000d5580000,0x00000000d5780000)
  from space 2560K, 80% used [0x00000000d5a00000,0x00000000d5c00000,0x00000000d5c80000)
  to   space 2560K, 0% used [0x00000000d5780000,0x00000000d5780000,0x00000000d5a00000)
 ParOldGen       total 1173504K, used 1173468K [0x0000000080000000, 0x00000000c7a00000, 0x00000000d5580000)
  object space 1173504K, 99% used [0x0000000080000000,0x00000000c79f73f8,0x00000000c7a00000)
 Metaspace       used 110491K, committed 112384K, reserved 1179648K
  class space    used 11030K, committed 11904K, reserved 1048576K
}
Event: 96318.332 GC heap before
{Heap before GC invocations=7414 (full 12):
 PSYoungGen      total 4608K, used 4096K [0x00000000d5580000, 0x00000000d5d00000, 0x0000000100000000)
  eden space 2048K, 100% used [0x00000000d5580000,0x00000000d5780000,0x00000000d5780000)
  from space 2560K, 80% used [0x00000000d5a00000,0x00000000d5c00000,0x00000000d5c80000)
  to   space 2560K, 0% used [0x00000000d5780000,0x00000000d5780000,0x00000000d5a00000)
 ParOldGen       total 1173504K, used 1173468K [0x0000000080000000, 0x00000000c7a00000, 0x00000000d5580000)
  object space 1173504K, 99% used [0x0000000080000000,0x00000000c79f73f8,0x00000000c7a00000)
 Metaspace       used 110492K, committed 112384K, reserved 1179648K
  class space    used 11030K, committed 11904K, reserved 1048576K
}
Event: 96318.335 GC heap after
{Heap after GC invocations=7414 (full 12):
 PSYoungGen      total 3072K, used 672K [0x00000000d5580000, 0x00000000d5b00000, 0x0000000100000000)
  eden space 2048K, 0% used [0x00000000d5580000,0x00000000d5580000,0x00000000d5780000)
  from space 1024K, 65% used [0x00000000d5780000,0x00000000d5828000,0x00000000d5880000)
  to   space 1536K, 0% used [0x00000000d5980000,0x00000000d5980000,0x00000000d5b00000)
 ParOldGen       total 1175552K, used 1175476K [0x0000000080000000, 0x00000000c7c00000, 0x00000000d5580000)
  object space 1175552K, 99% used [0x0000000080000000,0x00000000c7bed3f8,0x00000000c7c00000)
 Metaspace       used 110492K, committed 112384K, reserved 1179648K
  class space    used 11030K, committed 11904K, reserved 1048576K
}
Event: 98308.890 GC heap before
{Heap before GC invocations=7415 (full 12):
 PSYoungGen      total 3072K, used 2719K [0x00000000d5580000, 0x00000000d5b00000, 0x0000000100000000)
  eden space 2048K, 99% used [0x00000000d5580000,0x00000000d577fff8,0x00000000d5780000)
  from space 1024K, 65% used [0x00000000d5780000,0x00000000d5828000,0x00000000d5880000)
  to   space 1536K, 0% used [0x00000000d5980000,0x00000000d5980000,0x00000000d5b00000)
 ParOldGen       total 1175552K, used 1175476K [0x0000000080000000, 0x00000000c7c00000, 0x00000000d5580000)
  object space 1175552K, 99% used [0x0000000080000000,0x00000000c7bed3f8,0x00000000c7c00000)
 Metaspace       used 110493K, committed 112384K, reserved 1179648K
  class space    used 11030K, committed 11904K, reserved 1048576K
}
Event: 98308.896 GC heap after
{Heap after GC invocations=7415 (full 12):
 PSYoungGen      total 3072K, used 160K [0x00000000d5580000, 0x00000000d5a00000, 0x0000000100000000)
  eden space 2560K, 0% used [0x00000000d5580000,0x00000000d5580000,0x00000000d5800000)
  from space 512K, 31% used [0x00000000d5980000,0x00000000d59a8000,0x00000000d5a00000)
  to   space 512K, 0% used [0x00000000d5900000,0x00000000d5900000,0x00000000d5980000)
 ParOldGen       total 1176064K, used 1175964K [0x0000000080000000, 0x00000000c7c80000, 0x00000000d5580000)
  object space 1176064K, 99% used [0x0000000080000000,0x00000000c7c673f8,0x00000000c7c80000)
 Metaspace       used 110493K, committed 112384K, reserved 1179648K
  class space    used 11030K, committed 11904K, reserved 1048576K
}

